Base path: C:/Program Files (x86)/Unity/Editor/Data
Pipe name: \\.\pipe\UnityShaderCompiler-1-6628
Cmd: getPlatforms
Cmd: preprocess
  insize=1651 outsize=2266 ok=1
Cmd: compileSnippet
  api=4 type=0 insize=8014 outsize=1298 kw=DIRECTIONAL SHADOWS_OFF LIGHTMAP_OFF DIRLIGHTMAP_OFF ok=1
Cmd: compileSnippet
  api=4 type=1 insize=8014 outsize=2704 kw=DIRECTIONAL SHADOWS_OFF LIGHTMAP_OFF DIRLIGHTMAP_OFF ok=1
Cmd: compileSnippet
  api=4 type=2 insize=8014 outsize=7815 kw=DIRECTIONAL SHADOWS_OFF LIGHTMAP_OFF DIRLIGHTMAP_OFF ok=1
Cmd: compileSnippet
  api=4 type=3 insize=8014 outsize=5515 kw=DIRECTIONAL SHADOWS_OFF LIGHTMAP_OFF DIRLIGHTMAP_OFF ok=1
Cmd: compileSnippet
  api=4 type=0 insize=5700 outsize=1298 kw=POINT ok=1
Cmd: compileSnippet
  api=4 type=1 insize=5700 outsize=3005 kw=POINT ok=1
Cmd: compileSnippet
  api=4 type=2 insize=5700 outsize=7815 kw=POINT ok=1
Cmd: compileSnippet
  api=4 type=3 insize=5700 outsize=5166 kw=POINT ok=1
Cmd: compileSnippet
  api=4 type=0 insize=5510 outsize=1298 kw= ok=1
Cmd: compileSnippet
  api=4 type=1 insize=5510 outsize=1575 kw= ok=1
Cmd: compileSnippet
  api=4 type=2 insize=5510 outsize=7815 kw= ok=1
Cmd: compileSnippet
  api=4 type=3 insize=5510 outsize=4362 kw= ok=1
Cmd: compileSnippet
  api=4 type=0 insize=7515 outsize=1298 kw=LIGHTMAP_OFF DIRLIGHTMAP_OFF HDR_LIGHT_PREPASS_OFF ok=1
Cmd: compileSnippet
  api=4 type=1 insize=7515 outsize=1534 kw=LIGHTMAP_OFF DIRLIGHTMAP_OFF HDR_LIGHT_PREPASS_OFF ok=1
Cmd: compileSnippet
  api=4 type=2 insize=7515 outsize=7815 kw=LIGHTMAP_OFF DIRLIGHTMAP_OFF HDR_LIGHT_PREPASS_OFF ok=1
Cmd: compileSnippet
  api=4 type=3 insize=7515 outsize=4207 kw=LIGHTMAP_OFF DIRLIGHTMAP_OFF HDR_LIGHT_PREPASS_OFF ok=1
Cmd: compileSnippet
  api=4 type=0 insize=4813 outsize=1298 kw=SHADOWS_DEPTH ok=1
Cmd: compileSnippet
  api=4 type=1 insize=4813 outsize=445 kw=SHADOWS_DEPTH ok=1
Cmd: compileSnippet
  api=4 type=2 insize=4813 outsize=7815 kw=SHADOWS_DEPTH ok=1
Cmd: compileSnippet
  api=4 type=3 insize=4813 outsize=2720 kw=SHADOWS_DEPTH ok=1
Cmd: preprocess
  insize=1486 outsize=2211 ok=1
Cmd: compileSnippet
  api=4 type=0 insize=8182 outsize=1298 kw=DIRECTIONAL SHADOWS_OFF LIGHTMAP_OFF DIRLIGHTMAP_OFF ok=1
Cmd: compileSnippet
  api=4 type=1 insize=8182 outsize=2704 kw=DIRECTIONAL SHADOWS_OFF LIGHTMAP_OFF DIRLIGHTMAP_OFF ok=1
Cmd: compileSnippet
  api=4 type=2 insize=8182 outsize=7750 kw=DIRECTIONAL SHADOWS_OFF LIGHTMAP_OFF DIRLIGHTMAP_OFF ok=1
Cmd: compileSnippet
  api=4 type=3 insize=8182 outsize=6482 kw=DIRECTIONAL SHADOWS_OFF LIGHTMAP_OFF DIRLIGHTMAP_OFF ok=1
Cmd: compileSnippet
  api=4 type=0 insize=5868 outsize=1298 kw=POINT ok=1
Cmd: compileSnippet
  api=4 type=1 insize=5868 outsize=3005 kw=POINT ok=1
Cmd: compileSnippet
  api=4 type=2 insize=5868 outsize=7750 kw=POINT ok=1
Cmd: compileSnippet
  api=4 type=3 insize=5868 outsize=6133 kw=POINT ok=1
Cmd: compileSnippet
  api=4 type=0 insize=5678 outsize=1298 kw= ok=1
Cmd: compileSnippet
  api=4 type=1 insize=5678 outsize=1575 kw= ok=1
Cmd: compileSnippet
  api=4 type=2 insize=5678 outsize=7750 kw= ok=1
Cmd: compileSnippet
  api=4 type=3 insize=5678 outsize=5328 kw= ok=1
Cmd: compileSnippet
  api=4 type=0 insize=7683 outsize=1298 kw=LIGHTMAP_OFF DIRLIGHTMAP_OFF HDR_LIGHT_PREPASS_OFF ok=1
Cmd: compileSnippet
  api=4 type=1 insize=7683 outsize=1534 kw=LIGHTMAP_OFF DIRLIGHTMAP_OFF HDR_LIGHT_PREPASS_OFF ok=1
Cmd: compileSnippet
  api=4 type=2 insize=7683 outsize=7750 kw=LIGHTMAP_OFF DIRLIGHTMAP_OFF HDR_LIGHT_PREPASS_OFF ok=1
Cmd: compileSnippet
  api=4 type=3 insize=7683 outsize=5174 kw=LIGHTMAP_OFF DIRLIGHTMAP_OFF HDR_LIGHT_PREPASS_OFF ok=1
Cmd: compileSnippet
  api=4 type=0 insize=4981 outsize=1298 kw=SHADOWS_DEPTH ok=1
Cmd: compileSnippet
  api=4 type=1 insize=4981 outsize=445 kw=SHADOWS_DEPTH ok=1
Cmd: compileSnippet
  api=4 type=2 insize=4981 outsize=7750 kw=SHADOWS_DEPTH ok=1
Cmd: compileSnippet
  api=4 type=3 insize=4981 outsize=3248 kw=SHADOWS_DEPTH ok=1
Cmd: preprocess
  insize=1246 outsize=422 ok=1
Cmd: compileSnippet
  api=4 type=0 insize=1088 outsize=1583 kw= ok=1
Cmd: compileSnippet
  api=4 type=1 insize=1088 outsize=1152 kw= ok=1
Cmd: preprocess
  insize=1207 outsize=411 ok=1
Cmd: compileSnippet
  api=4 type=0 insize=1063 outsize=1583 kw= ok=1
Cmd: compileSnippet
  api=4 type=1 insize=1063 outsize=1152 kw= ok=1
Cmd: preprocess
  insize=1812 outsize=1056 ok=1
Cmd: compileSnippet
  api=4 type=0 insize=1020 outsize=1274 kw= ok=1
Cmd: compileSnippet
  api=4 type=1 insize=1020 outsize=908 kw= ok=1
Cmd: compileSnippet
  api=4 type=0 insize=5868 outsize=1298 kw=DIRECTIONAL ok=1
Cmd: compileSnippet
  api=4 type=1 insize=5868 outsize=2517 kw=DIRECTIONAL ok=1
Cmd: compileSnippet
  api=4 type=2 insize=5868 outsize=7750 kw=DIRECTIONAL ok=1
Cmd: compileSnippet
  api=4 type=3 insize=5868 outsize=5353 kw=DIRECTIONAL ok=1
Cmd: compileSnippet
  api=4 type=0 insize=5700 outsize=1298 kw=DIRECTIONAL ok=1
Cmd: compileSnippet
  api=4 type=1 insize=5700 outsize=2517 kw=DIRECTIONAL ok=1
Cmd: compileSnippet
  api=4 type=2 insize=5700 outsize=7815 kw=DIRECTIONAL ok=1
Cmd: compileSnippet
  api=4 type=3 insize=5700 outsize=4386 kw=DIRECTIONAL ok=1
